npm ERR! code ERESOLVE
npm ERR! ERESOLVE unable to resolve dependency tree
npm ERR! 
npm ERR! While resolving: plexlv@0.0.1
npm ERR! Found: @storybook/svelte@8.5.0-alpha.18
npm ERR! node_modules/@storybook/svelte
npm ERR!   dev @storybook/svelte@"^8.5.0-alpha.18" from the root project
npm ERR! 
npm ERR! Could not resolve dependency:
npm ERR! peer @storybook/svelte@"^7.0.0 || ^8.0.0 || ^8.0.0-beta.0 || ^8.2.0-beta.0" from @storybook/addon-svelte-csf@4.2.0
npm ERR! node_modules/@storybook/addon-svelte-csf
npm ERR!   dev @storybook/addon-svelte-csf@"^4.2.0" from the root project
npm ERR! 
npm ERR! Fix the upstream dependency conflict, or retry
npm ERR! this command with --force or --legacy-peer-deps
npm ERR! to accept an incorrect (and potentially broken) dependency resolution.
npm ERR! 
npm ERR! 
npm ERR! For a full report see:
npm ERR! /Users/ricardo/.npm/_logs/2024-12-09T22_57_02_496Z-eresolve-report.txt

npm ERR! A complete log of this run can be found in: /Users/ricardo/.npm/_logs/2024-12-09T22_57_02_496Z-debug-0.log
